<component name="ProjectRunConfigurationManager">
  <configuration default="false" name="JUnit com.gh.ml.perceptron" type="JUnit" factoryName="JUnit">
    <module name="ModernJava.machine-learning.test" />
    <extension name="coverage">
      <pattern>
        <option name="PATTERN" value="com.gh.ml.perceptron.*" />
        <option name="ENABLED" value="true" />
      </pattern>
    </extension>
    <option name="PACKAGE_NAME" value="com.gh.ml.perceptron" />
    <option name="MAIN_CLASS_NAME" value="" />
    <option name="METHOD_NAME" value="" />
    <option name="TEST_OBJECT" value="package" />
    <method v="2">
      <option name="Make" enabled="true" />
    </method>
  </configuration>
</component>